<?xml version="1.0" encoding="UTF-8"?>
<!-- Generated by org.testng.reporters.JUnitXMLReporter -->
<testsuite hostname="DESKTOP-K9EHMR9" ignored="0" name="DemoTests" tests="15" failures="15" timestamp="2021-06-05T12:15:04 IST" time="27.643" errors="0">
  <testcase name="verifyLogin" time="0.131" classname="TestCases.CompleteTestCases">
    <failure type="java.lang.NullPointerException">
      <![CDATA[java.lang.NullPointerException
at org.openqa.selenium.support.pagefactory.DefaultElementLocator.findElement(DefaultElementLocator.java:69)
at org.openqa.selenium.support.pagefactory.internal.LocatingElementHandler.invoke(LocatingElementHandler.java:38)
at com.sun.proxy.$Proxy12.toString(Unknown Source)
at java.lang.String.valueOf(String.java:2994)
at java.lang.StringBuilder.append(StringBuilder.java:131)
at commons.ExplicitWait.forElementToBeVisible(ExplicitWait.java:64)
at pages.LoginPage.enterUsername(LoginPage.java:38)
at pages.LoginPage.loginProcess(LoginPage.java:74)
at TestCases.CompleteTestCases.verifyLogin(CompleteTestCases.java:32)
at java.util.ArrayList.forEach(ArrayList.java:1257)
... Removed 31 stack frames]]>
    </failure>
  </testcase> <!-- verifyLogin -->
  <testcase name="verifyRecordsStats" time="0.001" classname="TestCases.CompleteTestCases">
    <failure type="java.lang.NullPointerException">
      <![CDATA[java.lang.NullPointerException
at org.openqa.selenium.support.pagefactory.DefaultElementLocator.findElement(DefaultElementLocator.java:69)
at org.openqa.selenium.support.pagefactory.internal.LocatingElementHandler.invoke(LocatingElementHandler.java:38)
at com.sun.proxy.$Proxy12.toString(Unknown Source)
at java.lang.String.valueOf(String.java:2994)
at java.lang.StringBuilder.append(StringBuilder.java:131)
at commons.ExplicitWait.forElementToBeVisible(ExplicitWait.java:64)
at pages.LoginPage.enterUsername(LoginPage.java:38)
at pages.LoginPage.loginProcess(LoginPage.java:74)
at TestCases.CompleteTestCases.verifyRecordsStats(CompleteTestCases.java:42)
at java.util.ArrayList.forEach(ArrayList.java:1257)
... Removed 31 stack frames]]>
    </failure>
  </testcase> <!-- verifyRecordsStats -->
  <testcase name="verifyRecordsBySpecialist02" time="0.002" classname="TestCases.CompleteTestCases">
    <failure type="java.lang.NullPointerException">
      <![CDATA[java.lang.NullPointerException
at org.openqa.selenium.support.pagefactory.DefaultElementLocator.findElement(DefaultElementLocator.java:69)
at org.openqa.selenium.support.pagefactory.internal.LocatingElementHandler.invoke(LocatingElementHandler.java:38)
at com.sun.proxy.$Proxy12.toString(Unknown Source)
at java.lang.String.valueOf(String.java:2994)
at java.lang.StringBuilder.append(StringBuilder.java:131)
at commons.ExplicitWait.forElementToBeVisible(ExplicitWait.java:64)
at pages.LoginPage.enterUsername(LoginPage.java:38)
at pages.LoginPage.loginProcess(LoginPage.java:74)
at TestCases.CompleteTestCases.verifyRecordsBySpecialist02(CompleteTestCases.java:55)
at java.util.ArrayList.forEach(ArrayList.java:1257)
... Removed 31 stack frames]]>
    </failure>
  </testcase> <!-- verifyRecordsBySpecialist02 -->
  <testcase name="verifyRecordsBySpecialist03" time="0.002" classname="TestCases.CompleteTestCases">
    <failure type="java.lang.NullPointerException">
      <![CDATA[java.lang.NullPointerException
at org.openqa.selenium.support.pagefactory.DefaultElementLocator.findElement(DefaultElementLocator.java:69)
at org.openqa.selenium.support.pagefactory.internal.LocatingElementHandler.invoke(LocatingElementHandler.java:38)
at com.sun.proxy.$Proxy12.toString(Unknown Source)
at java.lang.String.valueOf(String.java:2994)
at java.lang.StringBuilder.append(StringBuilder.java:131)
at commons.ExplicitWait.forElementToBeVisible(ExplicitWait.java:64)
at pages.LoginPage.enterUsername(LoginPage.java:38)
at pages.LoginPage.loginProcess(LoginPage.java:74)
at TestCases.CompleteTestCases.verifyRecordsBySpecialist03(CompleteTestCases.java:68)
at java.util.ArrayList.forEach(ArrayList.java:1257)
... Removed 31 stack frames]]>
    </failure>
  </testcase> <!-- verifyRecordsBySpecialist03 -->
  <testcase name="verifyRecordsBySpecialist04" time="0.001" classname="TestCases.CompleteTestCases">
    <failure type="java.lang.NullPointerException">
      <![CDATA[java.lang.NullPointerException
at org.openqa.selenium.support.pagefactory.DefaultElementLocator.findElement(DefaultElementLocator.java:69)
at org.openqa.selenium.support.pagefactory.internal.LocatingElementHandler.invoke(LocatingElementHandler.java:38)
at com.sun.proxy.$Proxy12.toString(Unknown Source)
at java.lang.String.valueOf(String.java:2994)
at java.lang.StringBuilder.append(StringBuilder.java:131)
at commons.ExplicitWait.forElementToBeVisible(ExplicitWait.java:64)
at pages.LoginPage.enterUsername(LoginPage.java:38)
at pages.LoginPage.loginProcess(LoginPage.java:74)
at TestCases.CompleteTestCases.verifyRecordsBySpecialist04(CompleteTestCases.java:81)
at java.util.ArrayList.forEach(ArrayList.java:1257)
... Removed 31 stack frames]]>
    </failure>
  </testcase> <!-- verifyRecordsBySpecialist04 -->
  <testcase name="verifyRecordsBySpecialist05" time="0.001" classname="TestCases.CompleteTestCases">
    <failure type="java.lang.NullPointerException">
      <![CDATA[java.lang.NullPointerException
at org.openqa.selenium.support.pagefactory.DefaultElementLocator.findElement(DefaultElementLocator.java:69)
at org.openqa.selenium.support.pagefactory.internal.LocatingElementHandler.invoke(LocatingElementHandler.java:38)
at com.sun.proxy.$Proxy12.toString(Unknown Source)
at java.lang.String.valueOf(String.java:2994)
at java.lang.StringBuilder.append(StringBuilder.java:131)
at commons.ExplicitWait.forElementToBeVisible(ExplicitWait.java:64)
at pages.LoginPage.enterUsername(LoginPage.java:38)
at pages.LoginPage.loginProcess(LoginPage.java:74)
at TestCases.CompleteTestCases.verifyRecordsBySpecialist05(CompleteTestCases.java:94)
at java.util.ArrayList.forEach(ArrayList.java:1257)
... Removed 31 stack frames]]>
    </failure>
  </testcase> <!-- verifyRecordsBySpecialist05 -->
  <testcase name="verifyRecordsByManager01" time="0.001" classname="TestCases.CompleteTestCases">
    <failure type="java.lang.NullPointerException">
      <![CDATA[java.lang.NullPointerException
at org.openqa.selenium.support.pagefactory.DefaultElementLocator.findElement(DefaultElementLocator.java:69)
at org.openqa.selenium.support.pagefactory.internal.LocatingElementHandler.invoke(LocatingElementHandler.java:38)
at com.sun.proxy.$Proxy12.toString(Unknown Source)
at java.lang.String.valueOf(String.java:2994)
at java.lang.StringBuilder.append(StringBuilder.java:131)
at commons.ExplicitWait.forElementToBeVisible(ExplicitWait.java:64)
at pages.LoginPage.enterUsername(LoginPage.java:38)
at pages.LoginPage.loginProcess(LoginPage.java:74)
at TestCases.CompleteTestCases.verifyRecordsByManager01(CompleteTestCases.java:107)
at java.util.ArrayList.forEach(ArrayList.java:1257)
... Removed 31 stack frames]]>
    </failure>
  </testcase> <!-- verifyRecordsByManager01 -->
  <testcase name="verifyRecordsByManager02" time="0.001" classname="TestCases.CompleteTestCases">
    <failure type="java.lang.NullPointerException">
      <![CDATA[java.lang.NullPointerException
at org.openqa.selenium.support.pagefactory.DefaultElementLocator.findElement(DefaultElementLocator.java:69)
at org.openqa.selenium.support.pagefactory.internal.LocatingElementHandler.invoke(LocatingElementHandler.java:38)
at com.sun.proxy.$Proxy12.toString(Unknown Source)
at java.lang.String.valueOf(String.java:2994)
at java.lang.StringBuilder.append(StringBuilder.java:131)
at commons.ExplicitWait.forElementToBeVisible(ExplicitWait.java:64)
at pages.LoginPage.enterUsername(LoginPage.java:38)
at pages.LoginPage.loginProcess(LoginPage.java:74)
at TestCases.CompleteTestCases.verifyRecordsByManager02(CompleteTestCases.java:120)
at java.util.ArrayList.forEach(ArrayList.java:1257)
... Removed 31 stack frames]]>
    </failure>
  </testcase> <!-- verifyRecordsByManager02 -->
  <testcase name="verifyRecordsByManager03" time="0.001" classname="TestCases.CompleteTestCases">
    <failure type="java.lang.NullPointerException">
      <![CDATA[java.lang.NullPointerException
at org.openqa.selenium.support.pagefactory.DefaultElementLocator.findElement(DefaultElementLocator.java:69)
at org.openqa.selenium.support.pagefactory.internal.LocatingElementHandler.invoke(LocatingElementHandler.java:38)
at com.sun.proxy.$Proxy12.toString(Unknown Source)
at java.lang.String.valueOf(String.java:2994)
at java.lang.StringBuilder.append(StringBuilder.java:131)
at commons.ExplicitWait.forElementToBeVisible(ExplicitWait.java:64)
at pages.LoginPage.enterUsername(LoginPage.java:38)
at pages.LoginPage.loginProcess(LoginPage.java:74)
at TestCases.CompleteTestCases.verifyRecordsByManager03(CompleteTestCases.java:133)
at java.util.ArrayList.forEach(ArrayList.java:1257)
... Removed 31 stack frames]]>
    </failure>
  </testcase> <!-- verifyRecordsByManager03 -->
  <testcase name="verifyRecordsByManager04" time="0.001" classname="TestCases.CompleteTestCases">
    <failure type="java.lang.NullPointerException">
      <![CDATA[java.lang.NullPointerException
at org.openqa.selenium.support.pagefactory.DefaultElementLocator.findElement(DefaultElementLocator.java:69)
at org.openqa.selenium.support.pagefactory.internal.LocatingElementHandler.invoke(LocatingElementHandler.java:38)
at com.sun.proxy.$Proxy12.toString(Unknown Source)
at java.lang.String.valueOf(String.java:2994)
at java.lang.StringBuilder.append(StringBuilder.java:131)
at commons.ExplicitWait.forElementToBeVisible(ExplicitWait.java:64)
at pages.LoginPage.enterUsername(LoginPage.java:38)
at pages.LoginPage.loginProcess(LoginPage.java:74)
at TestCases.CompleteTestCases.verifyRecordsByManager04(CompleteTestCases.java:146)
at java.util.ArrayList.forEach(ArrayList.java:1257)
... Removed 31 stack frames]]>
    </failure>
  </testcase> <!-- verifyRecordsByManager04 -->
  <testcase name="verifyRecordsByManager05" time="0.001" classname="TestCases.CompleteTestCases">
    <failure type="java.lang.NullPointerException">
      <![CDATA[java.lang.NullPointerException
at org.openqa.selenium.support.pagefactory.DefaultElementLocator.findElement(DefaultElementLocator.java:69)
at org.openqa.selenium.support.pagefactory.internal.LocatingElementHandler.invoke(LocatingElementHandler.java:38)
at com.sun.proxy.$Proxy12.toString(Unknown Source)
at java.lang.String.valueOf(String.java:2994)
at java.lang.StringBuilder.append(StringBuilder.java:131)
at commons.ExplicitWait.forElementToBeVisible(ExplicitWait.java:64)
at pages.LoginPage.enterUsername(LoginPage.java:38)
at pages.LoginPage.loginProcess(LoginPage.java:74)
at TestCases.CompleteTestCases.verifyRecordsByManager05(CompleteTestCases.java:158)
at java.util.ArrayList.forEach(ArrayList.java:1257)
... Removed 31 stack frames]]>
    </failure>
  </testcase> <!-- verifyRecordsByManager05 -->
  <testcase name="reVerifyRecordsByManager01" time="0.001" classname="TestCases.CompleteTestCases">
    <failure type="java.lang.NullPointerException">
      <![CDATA[java.lang.NullPointerException
at org.openqa.selenium.support.pagefactory.DefaultElementLocator.findElement(DefaultElementLocator.java:69)
at org.openqa.selenium.support.pagefactory.internal.LocatingElementHandler.invoke(LocatingElementHandler.java:38)
at com.sun.proxy.$Proxy12.toString(Unknown Source)
at java.lang.String.valueOf(String.java:2994)
at java.lang.StringBuilder.append(StringBuilder.java:131)
at commons.ExplicitWait.forElementToBeVisible(ExplicitWait.java:64)
at pages.LoginPage.enterUsername(LoginPage.java:38)
at pages.LoginPage.loginProcess(LoginPage.java:74)
at TestCases.CompleteTestCases.reVerifyRecordsByManager01(CompleteTestCases.java:171)
at java.util.ArrayList.forEach(ArrayList.java:1257)
... Removed 31 stack frames]]>
    </failure>
  </testcase> <!-- reVerifyRecordsByManager01 -->
  <testcase name="reVerifyRecordsByManager02" time="0.0" classname="TestCases.CompleteTestCases">
    <failure type="java.lang.NullPointerException">
      <![CDATA[java.lang.NullPointerException
at org.openqa.selenium.support.pagefactory.DefaultElementLocator.findElement(DefaultElementLocator.java:69)
at org.openqa.selenium.support.pagefactory.internal.LocatingElementHandler.invoke(LocatingElementHandler.java:38)
at com.sun.proxy.$Proxy12.toString(Unknown Source)
at java.lang.String.valueOf(String.java:2994)
at java.lang.StringBuilder.append(StringBuilder.java:131)
at commons.ExplicitWait.forElementToBeVisible(ExplicitWait.java:64)
at pages.LoginPage.enterUsername(LoginPage.java:38)
at pages.LoginPage.loginProcess(LoginPage.java:74)
at TestCases.CompleteTestCases.reVerifyRecordsByManager02(CompleteTestCases.java:184)
at java.util.ArrayList.forEach(ArrayList.java:1257)
... Removed 31 stack frames]]>
    </failure>
  </testcase> <!-- reVerifyRecordsByManager02 -->
  <testcase name="reVerifyRecordsByManager03" time="0.001" classname="TestCases.CompleteTestCases">
    <failure type="java.lang.NullPointerException">
      <![CDATA[java.lang.NullPointerException
at org.openqa.selenium.support.pagefactory.DefaultElementLocator.findElement(DefaultElementLocator.java:69)
at org.openqa.selenium.support.pagefactory.internal.LocatingElementHandler.invoke(LocatingElementHandler.java:38)
at com.sun.proxy.$Proxy12.toString(Unknown Source)
at java.lang.String.valueOf(String.java:2994)
at java.lang.StringBuilder.append(StringBuilder.java:131)
at commons.ExplicitWait.forElementToBeVisible(ExplicitWait.java:64)
at pages.LoginPage.enterUsername(LoginPage.java:38)
at pages.LoginPage.loginProcess(LoginPage.java:74)
at TestCases.CompleteTestCases.reVerifyRecordsByManager03(CompleteTestCases.java:197)
at java.util.ArrayList.forEach(ArrayList.java:1257)
... Removed 31 stack frames]]>
    </failure>
  </testcase> <!-- reVerifyRecordsByManager03 -->
  <testcase name="reVerifyRecordsByManager04" time="0.002" classname="TestCases.CompleteTestCases">
    <failure type="java.lang.NullPointerException">
      <![CDATA[java.lang.NullPointerException
at org.openqa.selenium.support.pagefactory.DefaultElementLocator.findElement(DefaultElementLocator.java:69)
at org.openqa.selenium.support.pagefactory.internal.LocatingElementHandler.invoke(LocatingElementHandler.java:38)
at com.sun.proxy.$Proxy12.toString(Unknown Source)
at java.lang.String.valueOf(String.java:2994)
at java.lang.StringBuilder.append(StringBuilder.java:131)
at commons.ExplicitWait.forElementToBeVisible(ExplicitWait.java:64)
at pages.LoginPage.enterUsername(LoginPage.java:38)
at pages.LoginPage.loginProcess(LoginPage.java:74)
at TestCases.CompleteTestCases.reVerifyRecordsByManager04(CompleteTestCases.java:210)
at java.util.ArrayList.forEach(ArrayList.java:1257)
... Removed 31 stack frames]]>
    </failure>
  </testcase> <!-- reVerifyRecordsByManager04 -->
</testsuite> <!-- DemoTests -->
