<?xml version="1.0" encoding="UTF-8"?>
<testng-results skipped="0" failed="0" ignored="0" total="1" passed="1">
  <reporter-output>
  </reporter-output>
  <suite name="Barcodes_TestNG session" duration-ms="32393" started-at="2021-06-05T12:27:51 IST" finished-at="2021-06-05T12:28:24 IST">
    <groups>
    </groups>
    <test name="APIDemoTests" duration-ms="32393" started-at="2021-06-05T12:27:51 IST" finished-at="2021-06-05T12:28:24 IST">
      <class name="Demo.ApiDemos_Practice">
        <test-method status="PASS" signature="setUp()[pri:0, instance:Demo.ApiDemos_Practice@7a9273a8]" name="setUp" is-config="true" duration-ms="1457" started-at="2021-06-05T12:27:51 IST" finished-at="2021-06-05T12:27:53 IST">
          <reporter-output>
          </reporter-output>
        </test-method> <!-- setUp -->
        <test-method status="PASS" signature="openPage()[pri:0, instance:Demo.ApiDemos_Practice@7a9273a8]" name="openPage" is-config="true" duration-ms="17808" started-at="2021-06-05T12:27:53 IST" finished-at="2021-06-05T12:28:11 IST">
          <reporter-output>
          </reporter-output>
        </test-method> <!-- openPage -->
        <test-method status="PASS" signature="textField()[pri:1, instance:Demo.ApiDemos_Practice@7a9273a8]" name="textField" duration-ms="12318" started-at="2021-06-05T12:28:11 IST" finished-at="2021-06-05T12:28:23 IST">
          <reporter-output>
          </reporter-output>
        </test-method> <!-- textField -->
        <test-method status="PASS" signature="tearDown()[pri:0, instance:Demo.ApiDemos_Practice@7a9273a8]" name="tearDown" is-config="true" duration-ms="756" started-at="2021-06-05T12:28:23 IST" finished-at="2021-06-05T12:28:24 IST">
          <reporter-output>
          </reporter-output>
        </test-method> <!-- tearDown -->
      </class> <!-- Demo.ApiDemos_Practice -->
    </test> <!-- APIDemoTests -->
  </suite> <!-- Barcodes_TestNG session -->
</testng-results>
