<?xml version="1.0" encoding="UTF-8"?>
<testsuite xmlns:xsi="http://www.w3.org/2001/XMLSchema-instance" xsi:noNamespaceSchemaLocation="https://maven.apache.org/surefire/maven-surefire-plugin/xsd/surefire-test-report.xsd" name="TestSuite" time="1,238.467" tests="14" errors="0" skipped="0" failures="7">
  <properties>
[...]
</properties>
  <testcase name="verifyLogin" classname="TestCases.CompleteTestCases" time="24.161"/>
  <testcase name="verifyRecordsStats" classname="TestCases.CompleteTestCases" time="85.633"/>
  <testcase name="verifyRecordsBySpecialist02" classname="TestCases.CompleteTestCases" time="45.338"/>
  <testcase name="verifyRecordsBySpecialist03" classname="TestCases.CompleteTestCases" time="42.29"/>
  <testcase name="verifyRecordsBySpecialist04" classname="TestCases.CompleteTestCases" time="95.301">
    <failure message="Expected condition failed: waiting for visibility of Proxy element for: DefaultElementLocator &apos;By.id: co.nayan.c3specialist_v2.qa_new:id/positiveBtn&apos; (tried for 30 second(s) with 55 milliseconds interval)" type="org.openqa.selenium.TimeoutException">org.openqa.selenium.TimeoutException: Expected condition failed: waiting for visibility of Proxy element for: DefaultElementLocator 'By.id: co.nayan.c3specialist_v2.qa_new:id/positiveBtn' (tried for 30 second(s) with 55 milliseconds interval)
	at TestCases.CompleteTestCases.verifyRecordsBySpecialist04(CompleteTestCases.java:83)
Caused by: org.openqa.selenium.NoSuchElementException: 
An element could not be located on the page using the given search parameters.
For documentation on this error, please visit: https://www.seleniumhq.org/exceptions/no_such_element.html
Build info: version: '3.141.59', revision: 'e82be7d358', time: '2018-11-14T08:17:03'
System info: host: 'DESKTOP-K9EHMR9', ip: '192.168.0.144', os.name: 'Windows 10', os.arch: 'amd64', os.version: '10.0', java.version: '1.8.0_172'
Driver info: io.appium.java_client.android.AndroidDriver
Capabilities {app: C:\Users\Admin\Desktop\Apps..., appActivity: co.nayan.c3specialist_v2.Sp..., appPackage: co.nayan.c3specialist_v2.qa..., databaseEnabled: false, desired: {app: C:\Users\Admin\Desktop\Apps..., appActivity: co.nayan.c3specialist_v2.Sp..., appPackage: co.nayan.c3specialist_v2.qa..., deviceName: Redmi6, newCommandTimeout: 30, platformName: android, version: 9.0}, deviceApiLevel: 28, deviceManufacturer: Xiaomi, deviceModel: Redmi 6, deviceName: 050b0b767d27, deviceScreenDensity: 320, deviceScreenSize: 720x1440, deviceUDID: 050b0b767d27, javascriptEnabled: true, locationContextEnabled: false, networkConnectionEnabled: true, newCommandTimeout: 30, pixelRatio: 2, platform: LINUX, platformName: Android, platformVersion: 9, statBarHeight: 48, takesScreenshot: true, version: 9.0, viewportRect: {height: 1296, left: 0, top: 48, width: 720}, warnings: {}, webStorageEnabled: false}
Session ID: e66de7e3-091f-4e1c-906f-3d0069ee80a5
*** Element info: {Using=id, value=co.nayan.c3specialist_v2.qa_new:id/positiveBtn}
	at TestCases.CompleteTestCases.verifyRecordsBySpecialist04(CompleteTestCases.java:83)
</failure>
    <system-out><![CDATA[usage: C:\Users\Admin\AppData\Roaming\npm\node_modules\appium\build\lib\main.js
       [-h] [--shell] [--allow-cors] [--reboot] [--ipa IPA] [-a ADDRESS]
       [-p PORT] [-pa BASEPATH] [-ca CALLBACKADDRESS] [-cp CALLBACKPORT]
       [-bp BOOTSTRAPPORT] [-r BACKENDRETRIES] [--session-override] [-l]
       [-g LOGFILE]
       [--log-level {info,info:debug,info:info,info:warn,info:error,warn,warn:debug,warn:info,warn:warn,warn:error,error,error:debug,error:info,error:warn,error:error,debug,debug:debug,debug:info,debug:warn,debug:error}]
       [--log-timestamp] [--local-timezone] [--log-no-colors] [-G WEBHOOK]
       [--safari] [--default-device] [--force-iphone] [--force-ipad]
       [--tracetemplate AUTOMATIONTRACETEMPLATEPATH]
       [--instruments INSTRUMENTSPATH] [--nodeconfig NODECONFIG]
       [-ra ROBOTADDRESS] [-rp ROBOTPORT]
       [--chromedriver-executable CHROMEDRIVEREXECUTABLE] [--show-config]
       [--no-perms-check] [--strict-caps] [--isolate-sim-device]
       [--tmp TMPDIR] [--trace-dir TRACEDIR] [--debug-log-spacing]
       [--suppress-adb-kill-server] [--long-stacktrace]
       [--webkit-debug-proxy-port WEBKITDEBUGPROXYPORT]
       [--webdriveragent-port WDALOCALPORT] [-dc DEFAULTCAPABILITIES]
       [--relaxed-security] [--allow-insecure ALLOWINSECURE]
       [--deny-insecure DENYINSECURE]
       [--command-timeout DEFAULTCOMMANDTIMEOUT] [-k]
       [--platform-name PLATFORMNAME] [--platform-version PLATFORMVERSION]
       [--automation-name AUTOMATIONNAME] [--device-name DEVICENAME]
       [--browser-name BROWSERNAME] [--app APP] [-lt LAUNCHTIMEOUT]
       [--language LANGUAGE] [--locale LOCALE] [-U UDID]
       [--orientation ORIENTATION] [--no-reset] [--full-reset]
       [--app-pkg APPPACKAGE] [--app-activity APPACTIVITY]
       [--app-wait-package APPWAITPACKAGE]
       [--app-wait-activity APPWAITACTIVITY]
       [--device-ready-timeout DEVICEREADYTIMEOUT]
       [--android-coverage ANDROIDCOVERAGE] [--avd AVD] [--avd-args AVDARGS]
       [--use-keystore] [--keystore-path KEYSTOREPATH]
       [--keystore-password KEYSTOREPASSWORD] [--key-alias KEYALIAS]
       [--key-password KEYPASSWORD] [--intent-action INTENTACTION]
       [--intent-category INTENTCATEGORY] [--intent-flags INTENTFLAGS]
       [--intent-args OPTIONALINTENTARGUMENTS] [--dont-stop-app-on-reset]
       [--calendar-format CALENDARFORMAT] [--native-instruments-lib]
       [--keep-keychains] [--localizable-strings-dir LOCALIZABLESTRINGSDIR]
       [--show-ios-log] [--async-trace] [--chromedriver-port CHROMEDRIVERPORT]
       [--log-filters LOGFILTERS] [-v]
C:\Users\Admin\AppData\Roaming\npm\node_modules\appium\build\lib\main.js: error: argument -dc/--default-capabilities: invalid parseDefaultCaps value: '{app:C:\\\\Users\\\\Admin\\\\Desktop\\\\AppsIerra\\\\Appium_Framework\\\\app\\\\app-qa_new-release.apk,appActivity:co.nayan.c3specialist_v2.SplashActivity,appPackage:co.nayan.c3specialist_v2.qa_new,deviceName:Redmi6,newCommandTimeout:30,platformName:Android,version:9.0}'
]]></system-out>
    <system-err><![CDATA[Jun 01, 2021 3:41:23 PM io.appium.java_client.remote.AppiumCommandExecutor$1 lambda$0
INFO: Detected dialect: W3C
]]></system-err>
  </testcase>
  <testcase name="verifyRecordsBySpecialist05" classname="TestCases.CompleteTestCases" time="44.619"/>
  <testcase name="verifyRecordsByManager01" classname="TestCases.CompleteTestCases" time="97.917">
    <failure message="Expected condition failed: waiting for visibility of Proxy element for: DefaultElementLocator &apos;By.id: co.nayan.c3specialist_v2.qa_new:id/rejectBtn&apos; (tried for 30 second(s) with 55 milliseconds interval)" type="org.openqa.selenium.TimeoutException">org.openqa.selenium.TimeoutException: Expected condition failed: waiting for visibility of Proxy element for: DefaultElementLocator 'By.id: co.nayan.c3specialist_v2.qa_new:id/rejectBtn' (tried for 30 second(s) with 55 milliseconds interval)
	at TestCases.CompleteTestCases.verifyRecordsByManager01(CompleteTestCases.java:109)
Caused by: org.openqa.selenium.NoSuchElementException: 
An element could not be located on the page using the given search parameters.
For documentation on this error, please visit: https://www.seleniumhq.org/exceptions/no_such_element.html
Build info: version: '3.141.59', revision: 'e82be7d358', time: '2018-11-14T08:17:03'
System info: host: 'DESKTOP-K9EHMR9', ip: '192.168.0.144', os.name: 'Windows 10', os.arch: 'amd64', os.version: '10.0', java.version: '1.8.0_172'
Driver info: io.appium.java_client.android.AndroidDriver
Capabilities {app: C:\Users\Admin\Desktop\Apps..., appActivity: co.nayan.c3specialist_v2.Sp..., appPackage: co.nayan.c3specialist_v2.qa..., databaseEnabled: false, desired: {app: C:\Users\Admin\Desktop\Apps..., appActivity: co.nayan.c3specialist_v2.Sp..., appPackage: co.nayan.c3specialist_v2.qa..., deviceName: Redmi6, newCommandTimeout: 30, platformName: android, version: 9.0}, deviceApiLevel: 28, deviceManufacturer: Xiaomi, deviceModel: Redmi 6, deviceName: 050b0b767d27, deviceScreenDensity: 320, deviceScreenSize: 720x1440, deviceUDID: 050b0b767d27, javascriptEnabled: true, locationContextEnabled: false, networkConnectionEnabled: true, newCommandTimeout: 30, pixelRatio: 2, platform: LINUX, platformName: Android, platformVersion: 9, statBarHeight: 48, takesScreenshot: true, version: 9.0, viewportRect: {height: 1296, left: 0, top: 48, width: 720}, warnings: {}, webStorageEnabled: false}
Session ID: 8e4f2d45-f462-4196-b173-c2cadf88c275
*** Element info: {Using=id, value=co.nayan.c3specialist_v2.qa_new:id/rejectBtn}
	at TestCases.CompleteTestCases.verifyRecordsByManager01(CompleteTestCases.java:109)
</failure>
    <system-out><![CDATA[usage: C:\Users\Admin\AppData\Roaming\npm\node_modules\appium\build\lib\main.js
       [-h] [--shell] [--allow-cors] [--reboot] [--ipa IPA] [-a ADDRESS]
       [-p PORT] [-pa BASEPATH] [-ca CALLBACKADDRESS] [-cp CALLBACKPORT]
       [-bp BOOTSTRAPPORT] [-r BACKENDRETRIES] [--session-override] [-l]
       [-g LOGFILE]
       [--log-level {info,info:debug,info:info,info:warn,info:error,warn,warn:debug,warn:info,warn:warn,warn:error,error,error:debug,error:info,error:warn,error:error,debug,debug:debug,debug:info,debug:warn,debug:error}]
       [--log-timestamp] [--local-timezone] [--log-no-colors] [-G WEBHOOK]
       [--safari] [--default-device] [--force-iphone] [--force-ipad]
       [--tracetemplate AUTOMATIONTRACETEMPLATEPATH]
       [--instruments INSTRUMENTSPATH] [--nodeconfig NODECONFIG]
       [-ra ROBOTADDRESS] [-rp ROBOTPORT]
       [--chromedriver-executable CHROMEDRIVEREXECUTABLE] [--show-config]
       [--no-perms-check] [--strict-caps] [--isolate-sim-device]
       [--tmp TMPDIR] [--trace-dir TRACEDIR] [--debug-log-spacing]
       [--suppress-adb-kill-server] [--long-stacktrace]
       [--webkit-debug-proxy-port WEBKITDEBUGPROXYPORT]
       [--webdriveragent-port WDALOCALPORT] [-dc DEFAULTCAPABILITIES]
       [--relaxed-security] [--allow-insecure ALLOWINSECURE]
       [--deny-insecure DENYINSECURE]
       [--command-timeout DEFAULTCOMMANDTIMEOUT] [-k]
       [--platform-name PLATFORMNAME] [--platform-version PLATFORMVERSION]
       [--automation-name AUTOMATIONNAME] [--device-name DEVICENAME]
       [--browser-name BROWSERNAME] [--app APP] [-lt LAUNCHTIMEOUT]
       [--language LANGUAGE] [--locale LOCALE] [-U UDID]
       [--orientation ORIENTATION] [--no-reset] [--full-reset]
       [--app-pkg APPPACKAGE] [--app-activity APPACTIVITY]
       [--app-wait-package APPWAITPACKAGE]
       [--app-wait-activity APPWAITACTIVITY]
       [--device-ready-timeout DEVICEREADYTIMEOUT]
       [--android-coverage ANDROIDCOVERAGE] [--avd AVD] [--avd-args AVDARGS]
       [--use-keystore] [--keystore-path KEYSTOREPATH]
       [--keystore-password KEYSTOREPASSWORD] [--key-alias KEYALIAS]
       [--key-password KEYPASSWORD] [--intent-action INTENTACTION]
       [--intent-category INTENTCATEGORY] [--intent-flags INTENTFLAGS]
       [--intent-args OPTIONALINTENTARGUMENTS] [--dont-stop-app-on-reset]
       [--calendar-format CALENDARFORMAT] [--native-instruments-lib]
       [--keep-keychains] [--localizable-strings-dir LOCALIZABLESTRINGSDIR]
       [--show-ios-log] [--async-trace] [--chromedriver-port CHROMEDRIVERPORT]
       [--log-filters LOGFILTERS] [-v]
C:\Users\Admin\AppData\Roaming\npm\node_modules\appium\build\lib\main.js: error: argument -dc/--default-capabilities: invalid parseDefaultCaps value: '{app:C:\\\\Users\\\\Admin\\\\Desktop\\\\AppsIerra\\\\Appium_Framework\\\\app\\\\app-qa_new-release.apk,appActivity:co.nayan.c3specialist_v2.SplashActivity,appPackage:co.nayan.c3specialist_v2.qa_new,deviceName:Redmi6,newCommandTimeout:30,platformName:Android,version:9.0}'
]]></system-out>
    <system-err><![CDATA[Jun 01, 2021 3:44:19 PM io.appium.java_client.remote.AppiumCommandExecutor$1 lambda$0
INFO: Detected dialect: W3C
]]></system-err>
  </testcase>
  <testcase name="verifyRecordsByManager02" classname="TestCases.CompleteTestCases" time="68.974"/>
  <testcase name="verifyRecordsByManager03" classname="TestCases.CompleteTestCases" time="64.989"/>
  <testcase name="verifyRecordsByManager05" classname="TestCases.CompleteTestCases" time="80.994">
    <failure message="Expected condition failed: waiting for visibility of Proxy element for: DefaultElementLocator &apos;By.id: co.nayan.c3specialist_v2.qa_new:id/editModeIv&apos; (tried for 30 second(s) with 55 milliseconds interval)" type="org.openqa.selenium.TimeoutException">org.openqa.selenium.TimeoutException: Expected condition failed: waiting for visibility of Proxy element for: DefaultElementLocator 'By.id: co.nayan.c3specialist_v2.qa_new:id/editModeIv' (tried for 30 second(s) with 55 milliseconds interval)
	at TestCases.CompleteTestCases.verifyRecordsByManager05(CompleteTestCases.java:148)
Caused by: org.openqa.selenium.NoSuchElementException: 
An element could not be located on the page using the given search parameters.
For documentation on this error, please visit: https://www.seleniumhq.org/exceptions/no_such_element.html
Build info: version: '3.141.59', revision: 'e82be7d358', time: '2018-11-14T08:17:03'
System info: host: 'DESKTOP-K9EHMR9', ip: '192.168.0.144', os.name: 'Windows 10', os.arch: 'amd64', os.version: '10.0', java.version: '1.8.0_172'
Driver info: io.appium.java_client.android.AndroidDriver
Capabilities {app: C:\Users\Admin\Desktop\Apps..., appActivity: co.nayan.c3specialist_v2.Sp..., appPackage: co.nayan.c3specialist_v2.qa..., databaseEnabled: false, desired: {app: C:\Users\Admin\Desktop\Apps..., appActivity: co.nayan.c3specialist_v2.Sp..., appPackage: co.nayan.c3specialist_v2.qa..., deviceName: Redmi6, newCommandTimeout: 30, platformName: android, version: 9.0}, deviceApiLevel: 28, deviceManufacturer: Xiaomi, deviceModel: Redmi 6, deviceName: 050b0b767d27, deviceScreenDensity: 320, deviceScreenSize: 720x1440, deviceUDID: 050b0b767d27, javascriptEnabled: true, locationContextEnabled: false, networkConnectionEnabled: true, newCommandTimeout: 30, pixelRatio: 2, platform: LINUX, platformName: Android, platformVersion: 9, statBarHeight: 48, takesScreenshot: true, version: 9.0, viewportRect: {height: 1296, left: 0, top: 48, width: 720}, warnings: {}, webStorageEnabled: false}
Session ID: b02e5373-0bd3-4f48-804b-c225a7bc5964
*** Element info: {Using=id, value=co.nayan.c3specialist_v2.qa_new:id/editModeIv}
	at TestCases.CompleteTestCases.verifyRecordsByManager05(CompleteTestCases.java:148)
</failure>
    <system-out><![CDATA[usage: C:\Users\Admin\AppData\Roaming\npm\node_modules\appium\build\lib\main.js
       [-h] [--shell] [--allow-cors] [--reboot] [--ipa IPA] [-a ADDRESS]
       [-p PORT] [-pa BASEPATH] [-ca CALLBACKADDRESS] [-cp CALLBACKPORT]
       [-bp BOOTSTRAPPORT] [-r BACKENDRETRIES] [--session-override] [-l]
       [-g LOGFILE]
       [--log-level {info,info:debug,info:info,info:warn,info:error,warn,warn:debug,warn:info,warn:warn,warn:error,error,error:debug,error:info,error:warn,error:error,debug,debug:debug,debug:info,debug:warn,debug:error}]
       [--log-timestamp] [--local-timezone] [--log-no-colors] [-G WEBHOOK]
       [--safari] [--default-device] [--force-iphone] [--force-ipad]
       [--tracetemplate AUTOMATIONTRACETEMPLATEPATH]
       [--instruments INSTRUMENTSPATH] [--nodeconfig NODECONFIG]
       [-ra ROBOTADDRESS] [-rp ROBOTPORT]
       [--chromedriver-executable CHROMEDRIVEREXECUTABLE] [--show-config]
       [--no-perms-check] [--strict-caps] [--isolate-sim-device]
       [--tmp TMPDIR] [--trace-dir TRACEDIR] [--debug-log-spacing]
       [--suppress-adb-kill-server] [--long-stacktrace]
       [--webkit-debug-proxy-port WEBKITDEBUGPROXYPORT]
       [--webdriveragent-port WDALOCALPORT] [-dc DEFAULTCAPABILITIES]
       [--relaxed-security] [--allow-insecure ALLOWINSECURE]
       [--deny-insecure DENYINSECURE]
       [--command-timeout DEFAULTCOMMANDTIMEOUT] [-k]
       [--platform-name PLATFORMNAME] [--platform-version PLATFORMVERSION]
       [--automation-name AUTOMATIONNAME] [--device-name DEVICENAME]
       [--browser-name BROWSERNAME] [--app APP] [-lt LAUNCHTIMEOUT]
       [--language LANGUAGE] [--locale LOCALE] [-U UDID]
       [--orientation ORIENTATION] [--no-reset] [--full-reset]
       [--app-pkg APPPACKAGE] [--app-activity APPACTIVITY]
       [--app-wait-package APPWAITPACKAGE]
       [--app-wait-activity APPWAITACTIVITY]
       [--device-ready-timeout DEVICEREADYTIMEOUT]
       [--android-coverage ANDROIDCOVERAGE] [--avd AVD] [--avd-args AVDARGS]
       [--use-keystore] [--keystore-path KEYSTOREPATH]
       [--keystore-password KEYSTOREPASSWORD] [--key-alias KEYALIAS]
       [--key-password KEYPASSWORD] [--intent-action INTENTACTION]
       [--intent-category INTENTCATEGORY] [--intent-flags INTENTFLAGS]
       [--intent-args OPTIONALINTENTARGUMENTS] [--dont-stop-app-on-reset]
       [--calendar-format CALENDARFORMAT] [--native-instruments-lib]
       [--keep-keychains] [--localizable-strings-dir LOCALIZABLESTRINGSDIR]
       [--show-ios-log] [--async-trace] [--chromedriver-port CHROMEDRIVERPORT]
       [--log-filters LOGFILTERS] [-v]
C:\Users\Admin\AppData\Roaming\npm\node_modules\appium\build\lib\main.js: error: argument -dc/--default-capabilities: invalid parseDefaultCaps value: '{app:C:\\\\Users\\\\Admin\\\\Desktop\\\\AppsIerra\\\\Appium_Framework\\\\app\\\\app-qa_new-release.apk,appActivity:co.nayan.c3specialist_v2.SplashActivity,appPackage:co.nayan.c3specialist_v2.qa_new,deviceName:Redmi6,newCommandTimeout:30,platformName:Android,version:9.0}'
]]></system-out>
    <system-err><![CDATA[Jun 01, 2021 3:49:07 PM io.appium.java_client.remote.AppiumCommandExecutor$1 lambda$0
INFO: Detected dialect: W3C
]]></system-err>
  </testcase>
  <testcase name="reVerifyRecordsByManager01" classname="TestCases.CompleteTestCases" time="79.788">
    <failure message="Expected condition failed: waiting for visibility of Proxy element for: DefaultElementLocator &apos;By.id: co.nayan.c3specialist_v2.qa_new:id/falseBtn&apos; (tried for 30 second(s) with 55 milliseconds interval)" type="org.openqa.selenium.TimeoutException">org.openqa.selenium.TimeoutException: Expected condition failed: waiting for visibility of Proxy element for: DefaultElementLocator 'By.id: co.nayan.c3specialist_v2.qa_new:id/falseBtn' (tried for 30 second(s) with 55 milliseconds interval)
	at TestCases.CompleteTestCases.reVerifyRecordsByManager01(CompleteTestCases.java:161)
Caused by: org.openqa.selenium.NoSuchElementException: 
An element could not be located on the page using the given search parameters.
For documentation on this error, please visit: https://www.seleniumhq.org/exceptions/no_such_element.html
Build info: version: '3.141.59', revision: 'e82be7d358', time: '2018-11-14T08:17:03'
System info: host: 'DESKTOP-K9EHMR9', ip: '192.168.0.144', os.name: 'Windows 10', os.arch: 'amd64', os.version: '10.0', java.version: '1.8.0_172'
Driver info: io.appium.java_client.android.AndroidDriver
Capabilities {app: C:\Users\Admin\Desktop\Apps..., appActivity: co.nayan.c3specialist_v2.Sp..., appPackage: co.nayan.c3specialist_v2.qa..., databaseEnabled: false, desired: {app: C:\Users\Admin\Desktop\Apps..., appActivity: co.nayan.c3specialist_v2.Sp..., appPackage: co.nayan.c3specialist_v2.qa..., deviceName: Redmi6, newCommandTimeout: 30, platformName: android, version: 9.0}, deviceApiLevel: 28, deviceManufacturer: Xiaomi, deviceModel: Redmi 6, deviceName: 050b0b767d27, deviceScreenDensity: 320, deviceScreenSize: 720x1440, deviceUDID: 050b0b767d27, javascriptEnabled: true, locationContextEnabled: false, networkConnectionEnabled: true, newCommandTimeout: 30, pixelRatio: 2, platform: LINUX, platformName: Android, platformVersion: 9, statBarHeight: 48, takesScreenshot: true, version: 9.0, viewportRect: {height: 1296, left: 0, top: 48, width: 720}, warnings: {}, webStorageEnabled: false}
Session ID: ffe70742-f653-46de-ada5-69cc4229112d
*** Element info: {Using=id, value=co.nayan.c3specialist_v2.qa_new:id/falseBtn}
	at TestCases.CompleteTestCases.reVerifyRecordsByManager01(CompleteTestCases.java:161)
</failure>
    <system-out><![CDATA[usage: C:\Users\Admin\AppData\Roaming\npm\node_modules\appium\build\lib\main.js
       [-h] [--shell] [--allow-cors] [--reboot] [--ipa IPA] [-a ADDRESS]
       [-p PORT] [-pa BASEPATH] [-ca CALLBACKADDRESS] [-cp CALLBACKPORT]
       [-bp BOOTSTRAPPORT] [-r BACKENDRETRIES] [--session-override] [-l]
       [-g LOGFILE]
       [--log-level {info,info:debug,info:info,info:warn,info:error,warn,warn:debug,warn:info,warn:warn,warn:error,error,error:debug,error:info,error:warn,error:error,debug,debug:debug,debug:info,debug:warn,debug:error}]
       [--log-timestamp] [--local-timezone] [--log-no-colors] [-G WEBHOOK]
       [--safari] [--default-device] [--force-iphone] [--force-ipad]
       [--tracetemplate AUTOMATIONTRACETEMPLATEPATH]
       [--instruments INSTRUMENTSPATH] [--nodeconfig NODECONFIG]
       [-ra ROBOTADDRESS] [-rp ROBOTPORT]
       [--chromedriver-executable CHROMEDRIVEREXECUTABLE] [--show-config]
       [--no-perms-check] [--strict-caps] [--isolate-sim-device]
       [--tmp TMPDIR] [--trace-dir TRACEDIR] [--debug-log-spacing]
       [--suppress-adb-kill-server] [--long-stacktrace]
       [--webkit-debug-proxy-port WEBKITDEBUGPROXYPORT]
       [--webdriveragent-port WDALOCALPORT] [-dc DEFAULTCAPABILITIES]
       [--relaxed-security] [--allow-insecure ALLOWINSECURE]
       [--deny-insecure DENYINSECURE]
       [--command-timeout DEFAULTCOMMANDTIMEOUT] [-k]
       [--platform-name PLATFORMNAME] [--platform-version PLATFORMVERSION]
       [--automation-name AUTOMATIONNAME] [--device-name DEVICENAME]
       [--browser-name BROWSERNAME] [--app APP] [-lt LAUNCHTIMEOUT]
       [--language LANGUAGE] [--locale LOCALE] [-U UDID]
       [--orientation ORIENTATION] [--no-reset] [--full-reset]
       [--app-pkg APPPACKAGE] [--app-activity APPACTIVITY]
       [--app-wait-package APPWAITPACKAGE]
       [--app-wait-activity APPWAITACTIVITY]
       [--device-ready-timeout DEVICEREADYTIMEOUT]
       [--android-coverage ANDROIDCOVERAGE] [--avd AVD] [--avd-args AVDARGS]
       [--use-keystore] [--keystore-path KEYSTOREPATH]
       [--keystore-password KEYSTOREPASSWORD] [--key-alias KEYALIAS]
       [--key-password KEYPASSWORD] [--intent-action INTENTACTION]
       [--intent-category INTENTCATEGORY] [--intent-flags INTENTFLAGS]
       [--intent-args OPTIONALINTENTARGUMENTS] [--dont-stop-app-on-reset]
       [--calendar-format CALENDARFORMAT] [--native-instruments-lib]
       [--keep-keychains] [--localizable-strings-dir LOCALIZABLESTRINGSDIR]
       [--show-ios-log] [--async-trace] [--chromedriver-port CHROMEDRIVERPORT]
       [--log-filters LOGFILTERS] [-v]
C:\Users\Admin\AppData\Roaming\npm\node_modules\appium\build\lib\main.js: error: argument -dc/--default-capabilities: invalid parseDefaultCaps value: '{app:C:\\\\Users\\\\Admin\\\\Desktop\\\\AppsIerra\\\\Appium_Framework\\\\app\\\\app-qa_new-release.apk,appActivity:co.nayan.c3specialist_v2.SplashActivity,appPackage:co.nayan.c3specialist_v2.qa_new,deviceName:Redmi6,newCommandTimeout:30,platformName:Android,version:9.0}'
]]></system-out>
    <system-err><![CDATA[Jun 01, 2021 3:50:44 PM io.appium.java_client.remote.AppiumCommandExecutor$1 lambda$0
INFO: Detected dialect: W3C
]]></system-err>
  </testcase>
  <testcase name="reVerifyRecordsByManager02" classname="TestCases.CompleteTestCases" time="79.496">
    <failure message="Expected condition failed: waiting for visibility of Proxy element for: DefaultElementLocator &apos;By.id: co.nayan.c3specialist_v2.qa_new:id/falseBtn&apos; (tried for 30 second(s) with 55 milliseconds interval)" type="org.openqa.selenium.TimeoutException">org.openqa.selenium.TimeoutException: Expected condition failed: waiting for visibility of Proxy element for: DefaultElementLocator 'By.id: co.nayan.c3specialist_v2.qa_new:id/falseBtn' (tried for 30 second(s) with 55 milliseconds interval)
	at TestCases.CompleteTestCases.reVerifyRecordsByManager02(CompleteTestCases.java:174)
Caused by: org.openqa.selenium.NoSuchElementException: 
An element could not be located on the page using the given search parameters.
For documentation on this error, please visit: https://www.seleniumhq.org/exceptions/no_such_element.html
Build info: version: '3.141.59', revision: 'e82be7d358', time: '2018-11-14T08:17:03'
System info: host: 'DESKTOP-K9EHMR9', ip: '192.168.0.144', os.name: 'Windows 10', os.arch: 'amd64', os.version: '10.0', java.version: '1.8.0_172'
Driver info: io.appium.java_client.android.AndroidDriver
Capabilities {app: C:\Users\Admin\Desktop\Apps..., appActivity: co.nayan.c3specialist_v2.Sp..., appPackage: co.nayan.c3specialist_v2.qa..., databaseEnabled: false, desired: {app: C:\Users\Admin\Desktop\Apps..., appActivity: co.nayan.c3specialist_v2.Sp..., appPackage: co.nayan.c3specialist_v2.qa..., deviceName: Redmi6, newCommandTimeout: 30, platformName: android, version: 9.0}, deviceApiLevel: 28, deviceManufacturer: Xiaomi, deviceModel: Redmi 6, deviceName: 050b0b767d27, deviceScreenDensity: 320, deviceScreenSize: 720x1440, deviceUDID: 050b0b767d27, javascriptEnabled: true, locationContextEnabled: false, networkConnectionEnabled: true, newCommandTimeout: 30, pixelRatio: 2, platform: LINUX, platformName: Android, platformVersion: 9, statBarHeight: 48, takesScreenshot: true, version: 9.0, viewportRect: {height: 1296, left: 0, top: 48, width: 720}, warnings: {}, webStorageEnabled: false}
Session ID: 31708415-b8fe-41e6-8f11-9e87910e393b
*** Element info: {Using=id, value=co.nayan.c3specialist_v2.qa_new:id/falseBtn}
	at TestCases.CompleteTestCases.reVerifyRecordsByManager02(CompleteTestCases.java:174)
</failure>
    <system-out><![CDATA[usage: C:\Users\Admin\AppData\Roaming\npm\node_modules\appium\build\lib\main.js
       [-h] [--shell] [--allow-cors] [--reboot] [--ipa IPA] [-a ADDRESS]
       [-p PORT] [-pa BASEPATH] [-ca CALLBACKADDRESS] [-cp CALLBACKPORT]
       [-bp BOOTSTRAPPORT] [-r BACKENDRETRIES] [--session-override] [-l]
       [-g LOGFILE]
       [--log-level {info,info:debug,info:info,info:warn,info:error,warn,warn:debug,warn:info,warn:warn,warn:error,error,error:debug,error:info,error:warn,error:error,debug,debug:debug,debug:info,debug:warn,debug:error}]
       [--log-timestamp] [--local-timezone] [--log-no-colors] [-G WEBHOOK]
       [--safari] [--default-device] [--force-iphone] [--force-ipad]
       [--tracetemplate AUTOMATIONTRACETEMPLATEPATH]
       [--instruments INSTRUMENTSPATH] [--nodeconfig NODECONFIG]
       [-ra ROBOTADDRESS] [-rp ROBOTPORT]
       [--chromedriver-executable CHROMEDRIVEREXECUTABLE] [--show-config]
       [--no-perms-check] [--strict-caps] [--isolate-sim-device]
       [--tmp TMPDIR] [--trace-dir TRACEDIR] [--debug-log-spacing]
       [--suppress-adb-kill-server] [--long-stacktrace]
       [--webkit-debug-proxy-port WEBKITDEBUGPROXYPORT]
       [--webdriveragent-port WDALOCALPORT] [-dc DEFAULTCAPABILITIES]
       [--relaxed-security] [--allow-insecure ALLOWINSECURE]
       [--deny-insecure DENYINSECURE]
       [--command-timeout DEFAULTCOMMANDTIMEOUT] [-k]
       [--platform-name PLATFORMNAME] [--platform-version PLATFORMVERSION]
       [--automation-name AUTOMATIONNAME] [--device-name DEVICENAME]
       [--browser-name BROWSERNAME] [--app APP] [-lt LAUNCHTIMEOUT]
       [--language LANGUAGE] [--locale LOCALE] [-U UDID]
       [--orientation ORIENTATION] [--no-reset] [--full-reset]
       [--app-pkg APPPACKAGE] [--app-activity APPACTIVITY]
       [--app-wait-package APPWAITPACKAGE]
       [--app-wait-activity APPWAITACTIVITY]
       [--device-ready-timeout DEVICEREADYTIMEOUT]
       [--android-coverage ANDROIDCOVERAGE] [--avd AVD] [--avd-args AVDARGS]
       [--use-keystore] [--keystore-path KEYSTOREPATH]
       [--keystore-password KEYSTOREPASSWORD] [--key-alias KEYALIAS]
       [--key-password KEYPASSWORD] [--intent-action INTENTACTION]
       [--intent-category INTENTCATEGORY] [--intent-flags INTENTFLAGS]
       [--intent-args OPTIONALINTENTARGUMENTS] [--dont-stop-app-on-reset]
       [--calendar-format CALENDARFORMAT] [--native-instruments-lib]
       [--keep-keychains] [--localizable-strings-dir LOCALIZABLESTRINGSDIR]
       [--show-ios-log] [--async-trace] [--chromedriver-port CHROMEDRIVERPORT]
       [--log-filters LOGFILTERS] [-v]
C:\Users\Admin\AppData\Roaming\npm\node_modules\appium\build\lib\main.js: error: argument -dc/--default-capabilities: invalid parseDefaultCaps value: '{app:C:\\\\Users\\\\Admin\\\\Desktop\\\\AppsIerra\\\\Appium_Framework\\\\app\\\\app-qa_new-release.apk,appActivity:co.nayan.c3specialist_v2.SplashActivity,appPackage:co.nayan.c3specialist_v2.qa_new,deviceName:Redmi6,newCommandTimeout:30,platformName:Android,version:9.0}'
]]></system-out>
    <system-err><![CDATA[Jun 01, 2021 3:52:21 PM io.appium.java_client.remote.AppiumCommandExecutor$1 lambda$0
INFO: Detected dialect: W3C
]]></system-err>
  </testcase>
  <testcase name="reVerifyRecordsByManager03" classname="TestCases.CompleteTestCases" time="79">
    <failure message="Expected condition failed: waiting for visibility of Proxy element for: DefaultElementLocator &apos;By.id: co.nayan.c3specialist_v2.qa_new:id/falseBtn&apos; (tried for 30 second(s) with 55 milliseconds interval)" type="org.openqa.selenium.TimeoutException">org.openqa.selenium.TimeoutException: Expected condition failed: waiting for visibility of Proxy element for: DefaultElementLocator 'By.id: co.nayan.c3specialist_v2.qa_new:id/falseBtn' (tried for 30 second(s) with 55 milliseconds interval)
	at TestCases.CompleteTestCases.reVerifyRecordsByManager03(CompleteTestCases.java:187)
Caused by: org.openqa.selenium.NoSuchElementException: 
An element could not be located on the page using the given search parameters.
For documentation on this error, please visit: https://www.seleniumhq.org/exceptions/no_such_element.html
Build info: version: '3.141.59', revision: 'e82be7d358', time: '2018-11-14T08:17:03'
System info: host: 'DESKTOP-K9EHMR9', ip: '192.168.0.144', os.name: 'Windows 10', os.arch: 'amd64', os.version: '10.0', java.version: '1.8.0_172'
Driver info: io.appium.java_client.android.AndroidDriver
Capabilities {app: C:\Users\Admin\Desktop\Apps..., appActivity: co.nayan.c3specialist_v2.Sp..., appPackage: co.nayan.c3specialist_v2.qa..., databaseEnabled: false, desired: {app: C:\Users\Admin\Desktop\Apps..., appActivity: co.nayan.c3specialist_v2.Sp..., appPackage: co.nayan.c3specialist_v2.qa..., deviceName: Redmi6, newCommandTimeout: 30, platformName: android, version: 9.0}, deviceApiLevel: 28, deviceManufacturer: Xiaomi, deviceModel: Redmi 6, deviceName: 050b0b767d27, deviceScreenDensity: 320, deviceScreenSize: 720x1440, deviceUDID: 050b0b767d27, javascriptEnabled: true, locationContextEnabled: false, networkConnectionEnabled: true, newCommandTimeout: 30, pixelRatio: 2, platform: LINUX, platformName: Android, platformVersion: 9, statBarHeight: 48, takesScreenshot: true, version: 9.0, viewportRect: {height: 1296, left: 0, top: 48, width: 720}, warnings: {}, webStorageEnabled: false}
Session ID: 2e668d4c-9335-4925-9d36-099e04cc9400
*** Element info: {Using=id, value=co.nayan.c3specialist_v2.qa_new:id/falseBtn}
	at TestCases.CompleteTestCases.reVerifyRecordsByManager03(CompleteTestCases.java:187)
</failure>
    <system-out><![CDATA[usage: C:\Users\Admin\AppData\Roaming\npm\node_modules\appium\build\lib\main.js
       [-h] [--shell] [--allow-cors] [--reboot] [--ipa IPA] [-a ADDRESS]
       [-p PORT] [-pa BASEPATH] [-ca CALLBACKADDRESS] [-cp CALLBACKPORT]
       [-bp BOOTSTRAPPORT] [-r BACKENDRETRIES] [--session-override] [-l]
       [-g LOGFILE]
       [--log-level {info,info:debug,info:info,info:warn,info:error,warn,warn:debug,warn:info,warn:warn,warn:error,error,error:debug,error:info,error:warn,error:error,debug,debug:debug,debug:info,debug:warn,debug:error}]
       [--log-timestamp] [--local-timezone] [--log-no-colors] [-G WEBHOOK]
       [--safari] [--default-device] [--force-iphone] [--force-ipad]
       [--tracetemplate AUTOMATIONTRACETEMPLATEPATH]
       [--instruments INSTRUMENTSPATH] [--nodeconfig NODECONFIG]
       [-ra ROBOTADDRESS] [-rp ROBOTPORT]
       [--chromedriver-executable CHROMEDRIVEREXECUTABLE] [--show-config]
       [--no-perms-check] [--strict-caps] [--isolate-sim-device]
       [--tmp TMPDIR] [--trace-dir TRACEDIR] [--debug-log-spacing]
       [--suppress-adb-kill-server] [--long-stacktrace]
       [--webkit-debug-proxy-port WEBKITDEBUGPROXYPORT]
       [--webdriveragent-port WDALOCALPORT] [-dc DEFAULTCAPABILITIES]
       [--relaxed-security] [--allow-insecure ALLOWINSECURE]
       [--deny-insecure DENYINSECURE]
       [--command-timeout DEFAULTCOMMANDTIMEOUT] [-k]
       [--platform-name PLATFORMNAME] [--platform-version PLATFORMVERSION]
       [--automation-name AUTOMATIONNAME] [--device-name DEVICENAME]
       [--browser-name BROWSERNAME] [--app APP] [-lt LAUNCHTIMEOUT]
       [--language LANGUAGE] [--locale LOCALE] [-U UDID]
       [--orientation ORIENTATION] [--no-reset] [--full-reset]
       [--app-pkg APPPACKAGE] [--app-activity APPACTIVITY]
       [--app-wait-package APPWAITPACKAGE]
       [--app-wait-activity APPWAITACTIVITY]
       [--device-ready-timeout DEVICEREADYTIMEOUT]
       [--android-coverage ANDROIDCOVERAGE] [--avd AVD] [--avd-args AVDARGS]
       [--use-keystore] [--keystore-path KEYSTOREPATH]
       [--keystore-password KEYSTOREPASSWORD] [--key-alias KEYALIAS]
       [--key-password KEYPASSWORD] [--intent-action INTENTACTION]
       [--intent-category INTENTCATEGORY] [--intent-flags INTENTFLAGS]
       [--intent-args OPTIONALINTENTARGUMENTS] [--dont-stop-app-on-reset]
       [--calendar-format CALENDARFORMAT] [--native-instruments-lib]
       [--keep-keychains] [--localizable-strings-dir LOCALIZABLESTRINGSDIR]
       [--show-ios-log] [--async-trace] [--chromedriver-port CHROMEDRIVERPORT]
       [--log-filters LOGFILTERS] [-v]
C:\Users\Admin\AppData\Roaming\npm\node_modules\appium\build\lib\main.js: error: argument -dc/--default-capabilities: invalid parseDefaultCaps value: '{app:C:\\\\Users\\\\Admin\\\\Desktop\\\\AppsIerra\\\\Appium_Framework\\\\app\\\\app-qa_new-release.apk,appActivity:co.nayan.c3specialist_v2.SplashActivity,appPackage:co.nayan.c3specialist_v2.qa_new,deviceName:Redmi6,newCommandTimeout:30,platformName:Android,version:9.0}'
]]></system-out>
    <system-err><![CDATA[Jun 01, 2021 3:53:59 PM io.appium.java_client.remote.AppiumCommandExecutor$1 lambda$0
INFO: Detected dialect: W3C
]]></system-err>
  </testcase>
  <testcase name="verifyRecordsByManager04" classname="TestCases.CompleteTestCases" time="80.952">
    <failure message="Expected condition failed: waiting for visibility of Proxy element for: DefaultElementLocator &apos;By.id: co.nayan.c3specialist_v2.qa_new:id/falseBtn&apos; (tried for 30 second(s) with 55 milliseconds interval)" type="org.openqa.selenium.TimeoutException">org.openqa.selenium.TimeoutException: Expected condition failed: waiting for visibility of Proxy element for: DefaultElementLocator 'By.id: co.nayan.c3specialist_v2.qa_new:id/falseBtn' (tried for 30 second(s) with 55 milliseconds interval)
	at TestCases.CompleteTestCases.verifyRecordsByManager04(CompleteTestCases.java:200)
Caused by: org.openqa.selenium.NoSuchElementException: 
An element could not be located on the page using the given search parameters.
For documentation on this error, please visit: https://www.seleniumhq.org/exceptions/no_such_element.html
Build info: version: '3.141.59', revision: 'e82be7d358', time: '2018-11-14T08:17:03'
System info: host: 'DESKTOP-K9EHMR9', ip: '192.168.0.144', os.name: 'Windows 10', os.arch: 'amd64', os.version: '10.0', java.version: '1.8.0_172'
Driver info: io.appium.java_client.android.AndroidDriver
Capabilities {app: C:\Users\Admin\Desktop\Apps..., appActivity: co.nayan.c3specialist_v2.Sp..., appPackage: co.nayan.c3specialist_v2.qa..., databaseEnabled: false, desired: {app: C:\Users\Admin\Desktop\Apps..., appActivity: co.nayan.c3specialist_v2.Sp..., appPackage: co.nayan.c3specialist_v2.qa..., deviceName: Redmi6, newCommandTimeout: 30, platformName: android, version: 9.0}, deviceApiLevel: 28, deviceManufacturer: Xiaomi, deviceModel: Redmi 6, deviceName: 050b0b767d27, deviceScreenDensity: 320, deviceScreenSize: 720x1440, deviceUDID: 050b0b767d27, javascriptEnabled: true, locationContextEnabled: false, networkConnectionEnabled: true, newCommandTimeout: 30, pixelRatio: 2, platform: LINUX, platformName: Android, platformVersion: 9, statBarHeight: 48, takesScreenshot: true, version: 9.0, viewportRect: {height: 1296, left: 0, top: 48, width: 720}, warnings: {}, webStorageEnabled: false}
Session ID: 8a5848df-bf85-499c-bb84-f205838c41a1
*** Element info: {Using=id, value=co.nayan.c3specialist_v2.qa_new:id/falseBtn}
	at TestCases.CompleteTestCases.verifyRecordsByManager04(CompleteTestCases.java:200)
</failure>
    <system-out><![CDATA[usage: C:\Users\Admin\AppData\Roaming\npm\node_modules\appium\build\lib\main.js
       [-h] [--shell] [--allow-cors] [--reboot] [--ipa IPA] [-a ADDRESS]
       [-p PORT] [-pa BASEPATH] [-ca CALLBACKADDRESS] [-cp CALLBACKPORT]
       [-bp BOOTSTRAPPORT] [-r BACKENDRETRIES] [--session-override] [-l]
       [-g LOGFILE]
       [--log-level {info,info:debug,info:info,info:warn,info:error,warn,warn:debug,warn:info,warn:warn,warn:error,error,error:debug,error:info,error:warn,error:error,debug,debug:debug,debug:info,debug:warn,debug:error}]
       [--log-timestamp] [--local-timezone] [--log-no-colors] [-G WEBHOOK]
       [--safari] [--default-device] [--force-iphone] [--force-ipad]
       [--tracetemplate AUTOMATIONTRACETEMPLATEPATH]
       [--instruments INSTRUMENTSPATH] [--nodeconfig NODECONFIG]
       [-ra ROBOTADDRESS] [-rp ROBOTPORT]
       [--chromedriver-executable CHROMEDRIVEREXECUTABLE] [--show-config]
       [--no-perms-check] [--strict-caps] [--isolate-sim-device]
       [--tmp TMPDIR] [--trace-dir TRACEDIR] [--debug-log-spacing]
       [--suppress-adb-kill-server] [--long-stacktrace]
       [--webkit-debug-proxy-port WEBKITDEBUGPROXYPORT]
       [--webdriveragent-port WDALOCALPORT] [-dc DEFAULTCAPABILITIES]
       [--relaxed-security] [--allow-insecure ALLOWINSECURE]
       [--deny-insecure DENYINSECURE]
       [--command-timeout DEFAULTCOMMANDTIMEOUT] [-k]
       [--platform-name PLATFORMNAME] [--platform-version PLATFORMVERSION]
       [--automation-name AUTOMATIONNAME] [--device-name DEVICENAME]
       [--browser-name BROWSERNAME] [--app APP] [-lt LAUNCHTIMEOUT]
       [--language LANGUAGE] [--locale LOCALE] [-U UDID]
       [--orientation ORIENTATION] [--no-reset] [--full-reset]
       [--app-pkg APPPACKAGE] [--app-activity APPACTIVITY]
       [--app-wait-package APPWAITPACKAGE]
       [--app-wait-activity APPWAITACTIVITY]
       [--device-ready-timeout DEVICEREADYTIMEOUT]
       [--android-coverage ANDROIDCOVERAGE] [--avd AVD] [--avd-args AVDARGS]
       [--use-keystore] [--keystore-path KEYSTOREPATH]
       [--keystore-password KEYSTOREPASSWORD] [--key-alias KEYALIAS]
       [--key-password KEYPASSWORD] [--intent-action INTENTACTION]
       [--intent-category INTENTCATEGORY] [--intent-flags INTENTFLAGS]
       [--intent-args OPTIONALINTENTARGUMENTS] [--dont-stop-app-on-reset]
       [--calendar-format CALENDARFORMAT] [--native-instruments-lib]
       [--keep-keychains] [--localizable-strings-dir LOCALIZABLESTRINGSDIR]
       [--show-ios-log] [--async-trace] [--chromedriver-port CHROMEDRIVERPORT]
       [--log-filters LOGFILTERS] [-v]
C:\Users\Admin\AppData\Roaming\npm\node_modules\appium\build\lib\main.js: error: argument -dc/--default-capabilities: invalid parseDefaultCaps value: '{app:C:\\\\Users\\\\Admin\\\\Desktop\\\\AppsIerra\\\\Appium_Framework\\\\app\\\\app-qa_new-release.apk,appActivity:co.nayan.c3specialist_v2.SplashActivity,appPackage:co.nayan.c3specialist_v2.qa_new,deviceName:Redmi6,newCommandTimeout:30,platformName:Android,version:9.0}'
]]></system-out>
    <system-err><![CDATA[Jun 01, 2021 3:55:37 PM io.appium.java_client.remote.AppiumCommandExecutor$1 lambda$0
INFO: Detected dialect: W3C
]]></system-err>
  </testcase>
</testsuite>